[35m[Appium][39m Welcome to Appium v2.5.1
[35m[Appium][39m Non-default server args:
[35m[Appium][39m { basePath: [32m'/wd/hub'[39m, loglevel: [32m'info'[39m, port: [33m60736[39m }
[35m[Appium][39m Attempting to load driver uiautomator2...
[35m[Appium][39m Appium REST http interface listener started on http://0.0.0.0:60736/wd/hub
[35m[Appium][39m You can provide the following URLs in your client code to connect to this server:
[35m[Appium][39m 	http://192.168.172.12:60736/wd/hub
[35m[Appium][39m 	http://127.0.0.1:60736/wd/hub (only accessible from the same host)
[35m[Appium][39m 	http://172.31.224.1:60736/wd/hub
[35m[Appium][39m 	http://172.19.32.1:60736/wd/hub
[35m[Appium][39m Available drivers:
[35m[Appium][39m   - uiautomator2@3.0.1 (automationName 'UiAutomator2')
[35m[Appium][39m No plugins have been installed. Use the "appium plugin" command to install the one(s) you want to use.
[38;5;0m[HTTP][0m [37m-->[39m [37mGET[39m [37m/wd/hub/status[39m
[38;5;0m[HTTP][0m [90m{}[39m
[38;5;0m[HTTP][0m [37m<-- GET /wd/hub/status [39m[32m200[39m [90m8 ms - 110[39m
[38;5;0m[HTTP][0m [90m[39m
[38;5;0m[HTTP][0m [37m-->[39m [37mGET[39m [37m/wd/hub/status[39m
[38;5;0m[HTTP][0m [90m{}[39m
[38;5;0m[HTTP][0m [37m<-- GET /wd/hub/status [39m[32m200[39m [90m2 ms - 110[39m
[38;5;0m[HTTP][0m [90m[39m
[38;5;0m[HTTP][0m [37m-->[39m [37mPOST[39m [37m/wd/hub/session[39m
[38;5;0m[HTTP][0m [90m{"desiredCapabilities":{"appium:systemPort":60793,"appium:newCommandTimeout":1800,"appium:automationName":"uiautomator2","appium:fullReset":false,"appium:platformVersion":"13","appium:noReset":true,"appium:udid":"emulator-5554","appium:autoGrantPermissions":true,"appium:platformName":"ANDROID","appium:deviceName":"emulator-5554 (sdk_gphone64_x86_64 - Android 13)","platformName":"Android","appium:app":"C:\\Users\\thuyb\\Katalon Studio\\Testing-App-GChoice\\app-release.apk"},"capabilities":{"firstMatch":[{"appium:app":"C:\\Users\\thuyb\\Katalon Studio\\Testing-App-GChoice\\app-release.apk","appium:autoGrantPermissions":true,"appium:automationName":"uiautomator2","appium:deviceName":"emulator-5554 (sdk_gphone64_x86_64 - Android 13)","appium:fullReset":false,"appium:newCommandTimeout":1800,"appium:noReset":true,"appium:platformName":"ANDROID","appium:platformVersion":"13","appium:systemPort":60793,"appium:udid":"emulator-5554","platformName":"android"}]}}[39m
[38;5;32m[BaseDriver][0m Ignoring capability 'appium:platformName=ANDROID' and using capability 'platformName=android'
[38;5;32m[BaseDriver][0m The capabilities ["platformName"] are standard capabilities and do not require "appium:" prefix
[35m[Appium][39m Attempting to find matching driver for automationName 'uiautomator2' and platformName 'android'
[35m[Appium][39m The 'uiautomator2' driver was installed and matched caps.
[35m[Appium][39m Will require it at C:\Users\thuyb\.appium\node_modules\appium-uiautomator2-driver
[38;5;16m[AppiumDriver@8d13][0m Appium v2.5.1 creating new AndroidUiautomator2Driver (v3.0.1) session
[38;5;16m[AppiumDriver@8d13][0m Checking BaseDriver versions for Appium and AndroidUiautomator2Driver
[38;5;16m[AppiumDriver@8d13][0m Appium's BaseDriver version is 9.5.2
[38;5;16m[AppiumDriver@8d13][0m AndroidUiautomator2Driver's BaseDriver version is 9.5.2
[38;5;48m[AndroidUiautomator2Driver@4545 (3a175f67)][0m Session created with session id: 3a175f67-dd9b-414c-8a98-7217d06585a4
[38;5;64m[ADB][0m Found 3 'build-tools' folders under 'C:\Users\thuyb\AppData\Local\Android\Sdk' (newest first):
[38;5;64m[ADB][0m     C:\Users\thuyb\AppData\Local\Android\Sdk\build-tools\34.0.0
[38;5;64m[ADB][0m     C:\Users\thuyb\AppData\Local\Android\Sdk\build-tools\33.0.1
[38;5;64m[ADB][0m     C:\Users\thuyb\AppData\Local\Android\Sdk\build-tools\33.0.0
[38;5;64m[ADB][0m Using 'adb.exe' from 'C:\Users\thuyb\AppData\Local\Android\Sdk\platform-tools\adb.exe'
[38;5;48m[AndroidUiautomator2Driver@4545 (3a175f67)][0m Retrieving device list
[38;5;48m[AndroidUiautomator2Driver@4545 (3a175f67)][0m Using device: emulator-5554
[38;5;64m[ADB][0m Using 'adb.exe' from 'C:\Users\thuyb\AppData\Local\Android\Sdk\platform-tools\adb.exe'
[38;5;32m[BaseDriver][0m Using local app 'C:\Users\thuyb\Katalon Studio\Testing-App-GChoice\app-release.apk'
[38;5;64m[ADB][0m Getting device platform version
[38;5;48m[AndroidUiautomator2Driver@4545 (3a175f67)][0m Relaxing hidden api policy
[38;5;64m[ADB][0m Package name: 'com.gchoiceapp'
[38;5;64m[ADB][0m Main activity name: 'com.gchoiceapp.MainActivity'
[38;5;64m[ADB][0m Using 'apksigner.jar' from 'C:\Users\thuyb\AppData\Local\Android\Sdk\build-tools\34.0.0\lib\apksigner.jar'
[38;5;64m[ADB][0m 'C:\Users\thuyb\.appium\node_modules\appium-uiautomator2-driver\node_modules\appium-uiautomator2-server\apks\appium-uiautomator2-server-debug-androidTest.apk' is signed with the default certificate
[38;5;64m[ADB][0m 'C:\Users\thuyb\.appium\node_modules\appium-uiautomator2-driver\node_modules\appium-uiautomator2-server\apks\appium-uiautomator2-server-v7.0.1.apk' is signed with the default certificate
[38;5;64m[ADB][0m 'C:\Users\thuyb\Katalon Studio\Testing-App-GChoice\app-release.apk' is signed with a non-default certificate
[38;5;48m[AndroidUiautomator2Driver@4545 (3a175f67)][0m Server packages are not going to be (re)installed
[38;5;64m[ADB][0m The application at 'C:\Users\thuyb\Katalon Studio\Testing-App-GChoice\app-release.apk' will not be cached, because the device under test has confirmed the support of streamed installs
[38;5;64m[ADB][0m Adding packages ["io.appium.settings","io.appium.uiautomator2.server","io.appium.uiautomator2.server.test"] to Doze whitelist
[38;5;64m[ADB][0m The installation of 'app-release.apk' took 10932ms
[38;5;48m[AndroidUiautomator2Driver@4545 (3a175f67)][0m Starting UIAutomator2 server 7.0.1
[38;5;48m[AndroidUiautomator2Driver@4545 (3a175f67)][0m Using UIAutomator2 server from 'C:\Users\thuyb\.appium\node_modules\appium-uiautomator2-driver\node_modules\appium-uiautomator2-server\apks\appium-uiautomator2-server-v7.0.1.apk' and test from 'C:\Users\thuyb\.appium\node_modules\appium-uiautomator2-driver\node_modules\appium-uiautomator2-server\apks\appium-uiautomator2-server-debug-androidTest.apk'
[38;5;48m[AndroidUiautomator2Driver@4545 (3a175f67)][0m Waiting up to 30000ms for UiAutomator2 to be online...
[38;5;48m[AndroidUiautomator2Driver@4545 (3a175f67)][0m socket hang up
[38;5;48m[AndroidUiautomator2Driver@4545 (3a175f67)][0m socket hang up
[38;5;48m[AndroidUiautomator2Driver@4545 (3a175f67)][0m socket hang up
[38;5;48m[AndroidUiautomator2Driver@4545 (3a175f67)][0m socket hang up
[38;5;48m[AndroidUiautomator2Driver@4545 (3a175f67)][0m socket hang up
[38;5;48m[AndroidUiautomator2Driver@4545 (3a175f67)][0m socket hang up
[38;5;48m[AndroidUiautomator2Driver@4545 (3a175f67)][0m socket hang up
[38;5;48m[AndroidUiautomator2Driver@4545 (3a175f67)][0m socket hang up
[38;5;48m[AndroidUiautomator2Driver@4545 (3a175f67)][0m socket hang up
[38;5;48m[AndroidUiautomator2Driver@4545 (3a175f67)][0m socket hang up
[38;5;48m[AndroidUiautomator2Driver@4545 (3a175f67)][0m socket hang up
[38;5;48m[AndroidUiautomator2Driver@4545 (3a175f67)][0m socket hang up
[38;5;48m[AndroidUiautomator2Driver@4545 (3a175f67)][0m socket hang up
[38;5;48m[AndroidUiautomator2Driver@4545 (3a175f67)][0m socket hang up
[38;5;48m[AndroidUiautomator2Driver@4545 (3a175f67)][0m socket hang up
[38;5;48m[AndroidUiautomator2Driver@4545 (3a175f67)][0m socket hang up
[38;5;48m[AndroidUiautomator2Driver@4545 (3a175f67)][0m socket hang up
[38;5;48m[AndroidUiautomator2Driver@4545 (3a175f67)][0m socket hang up
[38;5;48m[AndroidUiautomator2Driver@4545 (3a175f67)][0m socket hang up
[38;5;48m[AndroidUiautomator2Driver@4545 (3a175f67)][0m socket hang up
[38;5;48m[AndroidUiautomator2Driver@4545 (3a175f67)][0m socket hang up
[38;5;48m[AndroidUiautomator2Driver@4545 (3a175f67)][0m socket hang up
[38;5;48m[AndroidUiautomator2Driver@4545 (3a175f67)][0m Determined the downstream protocol as 'W3C'
[38;5;48m[AndroidUiautomator2Driver@4545 (3a175f67)][0m Screen already unlocked, doing nothing
[38;5;48m[AndroidUiautomator2Driver@4545 (3a175f67)][0m Starting 'com.gchoiceapp/com.gchoiceapp.MainActivity and waiting for 'com.gchoiceapp/com.gchoiceapp.MainActivity'
[38;5;16m[AppiumDriver@8d13][0m New AndroidUiautomator2Driver session created successfully, session 3a175f67-dd9b-414c-8a98-7217d06585a4 added to master session list
[38;5;0m[HTTP][0m [37m<-- POST /wd/hub/session [39m[32m200[39m [90m53098 ms - 1255[39m
[38;5;0m[HTTP][0m [90m[39m
[38;5;0m[HTTP][0m [37m-->[39m [37mGET[39m [37m/wd/hub/session/3a175f67-dd9b-414c-8a98-7217d06585a4[39m
[38;5;0m[HTTP][0m [90m{}[39m
[38;5;0m[HTTP][0m [37m<-- GET /wd/hub/session/3a175f67-dd9b-414c-8a98-7217d06585a4 [39m[32m200[39m [90m66 ms - 384[39m
[38;5;0m[HTTP][0m [90m[39m
[38;5;0m[HTTP][0m [37m-->[39m [37mGET[39m [37m/wd/hub/session/3a175f67-dd9b-414c-8a98-7217d06585a4[39m
[38;5;0m[HTTP][0m [90m{}[39m
[38;5;0m[HTTP][0m [37m<-- GET /wd/hub/session/3a175f67-dd9b-414c-8a98-7217d06585a4 [39m[32m200[39m [90m88 ms - 384[39m
[38;5;0m[HTTP][0m [90m[39m
[38;5;0m[HTTP][0m [37m-->[39m [37mGET[39m [37m/wd/hub/status[39m
[38;5;0m[HTTP][0m [90m{}[39m
[38;5;0m[HTTP][0m [37m<-- GET /wd/hub/status [39m[32m200[39m [90m1 ms - 110[39m
[38;5;0m[HTTP][0m [90m[39m
[38;5;0m[HTTP][0m [37m-->[39m [37mPOST[39m [37m/wd/hub/session/3a175f67-dd9b-414c-8a98-7217d06585a4/timeouts[39m
[38;5;0m[HTTP][0m [90m{"implicit":60000}[39m
[38;5;0m[HTTP][0m [37m<-- POST /wd/hub/session/3a175f67-dd9b-414c-8a98-7217d06585a4/timeouts [39m[32m200[39m [90m5 ms - 14[39m
[38;5;0m[HTTP][0m [90m[39m
[38;5;0m[HTTP][0m [37m-->[39m [37mGET[39m [37m/wd/hub/session/3a175f67-dd9b-414c-8a98-7217d06585a4/source[39m
[38;5;0m[HTTP][0m [90m{}[39m
[38;5;48m[AndroidUiautomator2Driver@4545 (3a175f67)][0m Driver proxy active, passing request on via HTTP proxy
[38;5;48m[AndroidUiautomator2Driver@4545 (3a175f67)][0m Replacing sessionId 32cfffa8-a27b-44dc-98bf-3c485c102e7e with 3a175f67-dd9b-414c-8a98-7217d06585a4
[38;5;0m[HTTP][0m [37m<-- GET /wd/hub/session/3a175f67-dd9b-414c-8a98-7217d06585a4/source [39m[32m200[39m [90m1669 ms - 6484[39m
[38;5;0m[HTTP][0m [90m[39m
[38;5;0m[HTTP][0m [37m-->[39m [37mGET[39m [37m/wd/hub/session/3a175f67-dd9b-414c-8a98-7217d06585a4/screenshot[39m
[38;5;0m[HTTP][0m [90m{}[39m
[38;5;0m[HTTP][0m [37m<-- GET /wd/hub/session/3a175f67-dd9b-414c-8a98-7217d06585a4/screenshot [39m[32m200[39m [90m2554 ms - 83728[39m
[38;5;0m[HTTP][0m [90m[39m
[38;5;48m[AndroidUiautomator2Driver@4545 (3a175f67)][0m Shutting down because we waited 1800 seconds for a command
[38;5;16m[AppiumDriver@8d13][0m Ending session, cause was 'New Command Timeout of 1800 seconds expired. Try customizing the timeout using the 'newCommandTimeout' desired capability'
[38;5;16m[AppiumDriver@8d13][0m Removing session '3a175f67-dd9b-414c-8a98-7217d06585a4' from our master session list
[38;5;48m[AndroidUiautomator2Driver@4545 (3a175f67)][0m Did not get confirmation UiAutomator2 deleteSession worked; Error was: UnknownError: An unknown server-side error occurred while processing the command. Original error: 'DELETE /' cannot be proxied to UiAutomator2 server because the instrumentation process is not running (probably crashed). Check the server log and/or the logcat output for more details
[38;5;48m[AndroidUiautomator2Driver@4545 (3a175f67)][0m Restoring hidden api policy to the device default configuration
